# JRE version: OpenJDK Runtime Environment Microsoft-9388408 (17.0.11+9) (build 17.0.11+9-LTS)
# Java VM: OpenJDK 64-Bit Server VM Microsoft-9388408 (17.0.11+9-LTS, mixed mode, sharing, tiered, compressed oops, compressed class ptrs, g1 gc, windows-amd64)
GC Precious Log:
 CPUs: 4 total, 4 available
 Memory: 7957M
 Large Page Support: Disabled
 NUMA Support: Disabled
 Compressed Oops: Enabled (32-bit)
 Heap Region Size: 1M
 Heap Min Capacity: 8M
 Heap Initial Capacity: 126M
 Heap Max Capacity: 2G
 Pre-touch: Disabled
 Parallel Workers: 4
 Concurrent Workers: 1
 Concurrent Refinement Workers: 4
 Periodic GC: Disabled
Heap:
 garbage-first heap   total 226304K, used 175393K [0x0000000080000000, 0x0000000100000000)
  region size 1024K, 57 young (58368K), 10 survivors (10240K)
 Metaspace       used 105833K, committed 106944K, reserved 557056K
  class space    used 14629K, committed 15168K, reserved 425984K
GC Heap History (20 events):
Event: 22.932 GC heap before
{Heap before GC invocations=41 (full 0):
 garbage-first heap   total 183296K, used 142638K [0x0000000080000000, 0x0000000100000000)
  region size 1024K, 42 young (43008K), 1 survivors (1024K)
 Metaspace       used 79482K, committed 80384K, reserved 557056K
  class space    used 10980K, committed 11392K, reserved 425984K
}
Event: 22.937 GC heap after
{Heap after GC invocations=42 (full 0):
 garbage-first heap   total 183296K, used 100986K [0x0000000080000000, 0x0000000100000000)
  region size 1024K, 6 young (6144K), 6 survivors (6144K)
 Metaspace       used 79482K, committed 80384K, reserved 557056K
  class space    used 10980K, committed 11392K, reserved 425984K
}
Event: 22.964 GC heap before
{Heap before GC invocations=42 (full 0):
 garbage-first heap   total 183296K, used 103034K [0x0000000080000000, 0x0000000100000000)
  region size 1024K, 8 young (8192K), 6 survivors (6144K)
 Metaspace       used 79580K, committed 80448K, reserved 557056K
  class space    used 10998K, committed 11392K, reserved 425984K
}
Event: 22.970 GC heap after
{Heap after GC invocations=43 (full 0):
 garbage-first heap   total 183296K, used 101063K [0x0000000080000000, 0x0000000100000000)
  region size 1024K, 1 young (1024K), 1 survivors (1024K)
 Metaspace       used 79580K, committed 80448K, reserved 557056K
  class space    used 10998K, committed 11392K, reserved 425984K
}
Event: 23.707 GC heap before
{Heap before GC invocations=43 (full 0):
 garbage-first heap   total 183296K, used 140999K [0x0000000080000000, 0x0000000100000000)
  region size 1024K, 40 young (40960K), 1 survivors (1024K)
 Metaspace       used 82100K, committed 82944K, reserved 557056K
  class space    used 11335K, committed 11776K, reserved 425984K
}
Event: 23.713 GC heap after
{Heap after GC invocations=44 (full 0):
 garbage-first heap   total 183296K, used 102418K [0x0000000080000000, 0x0000000100000000)
  region size 1024K, 2 young (2048K), 2 survivors (2048K)
 Metaspace       used 82100K, committed 82944K, reserved 557056K
  class space    used 11335K, committed 11776K, reserved 425984K
}
Event: 24.640 GC heap before
{Heap before GC invocations=45 (full 0):
 garbage-first heap   total 188416K, used 143378K [0x0000000080000000, 0x0000000100000000)
  region size 1024K, 42 young (43008K), 2 survivors (2048K)
 Metaspace       used 84856K, committed 85696K, reserved 557056K
  class space    used 11710K, committed 12160K, reserved 425984K
}
Event: 24.649 GC heap after
{Heap after GC invocations=46 (full 0):
 garbage-first heap   total 188416K, used 103830K [0x0000000080000000, 0x0000000100000000)
  region size 1024K, 4 young (4096K), 4 survivors (4096K)
 Metaspace       used 84856K, committed 85696K, reserved 557056K
  class space    used 11710K, committed 12160K, reserved 425984K
}
Event: 24.773 GC heap before
{Heap before GC invocations=46 (full 0):
 garbage-first heap   total 188416K, used 108950K [0x0000000080000000, 0x0000000100000000)
  region size 1024K, 9 young (9216K), 4 survivors (4096K)
 Metaspace       used 85250K, committed 86144K, reserved 557056K
  class space    used 11775K, committed 12224K, reserved 425984K
}
Event: 24.780 GC heap after
{Heap after GC invocations=47 (full 0):
 garbage-first heap   total 188416K, used 103661K [0x0000000080000000, 0x0000000100000000)
  region size 1024K, 1 young (1024K), 1 survivors (1024K)
 Metaspace       used 85250K, committed 86144K, reserved 557056K
  class space    used 11775K, committed 12224K, reserved 425984K
}
Event: 25.337 GC heap before
{Heap before GC invocations=47 (full 0):
 garbage-first heap   total 188416K, used 149741K [0x0000000080000000, 0x0000000100000000)
  region size 1024K, 46 young (47104K), 1 survivors (1024K)
 Metaspace       used 85559K, committed 86528K, reserved 557056K
  class space    used 11827K, committed 12288K, reserved 425984K
}
Event: 25.342 GC heap after
{Heap after GC invocations=48 (full 0):
 garbage-first heap   total 226304K, used 107287K [0x0000000080000000, 0x0000000100000000)
  region size 1024K, 4 young (4096K), 4 survivors (4096K)
 Metaspace       used 85559K, committed 86528K, reserved 557056K
  class space    used 11827K, committed 12288K, reserved 425984K
}
Event: 26.692 GC heap before
{Heap before GC invocations=48 (full 0):
 garbage-first heap   total 226304K, used 175895K [0x0000000080000000, 0x0000000100000000)
  region size 1024K, 71 young (72704K), 4 survivors (4096K)
 Metaspace       used 89321K, committed 90240K, reserved 557056K
  class space    used 12334K, committed 12800K, reserved 425984K
}
Event: 26.701 GC heap after
{Heap after GC invocations=49 (full 0):
 garbage-first heap   total 226304K, used 109545K [0x0000000080000000, 0x0000000100000000)
  region size 1024K, 7 young (7168K), 7 survivors (7168K)
 Metaspace       used 89321K, committed 90240K, reserved 557056K
  class space    used 12334K, committed 12800K, reserved 425984K
}
Event: 27.953 GC heap before
{Heap before GC invocations=49 (full 0):
 garbage-first heap   total 226304K, used 179177K [0x0000000080000000, 0x0000000100000000)
  region size 1024K, 75 young (76800K), 7 survivors (7168K)
 Metaspace       used 93715K, committed 94656K, reserved 557056K
  class space    used 13113K, committed 13568K, reserved 425984K
}
Event: 27.963 GC heap after
{Heap after GC invocations=50 (full 0):
 garbage-first heap   total 226304K, used 112332K [0x0000000080000000, 0x0000000100000000)
  region size 1024K, 5 young (5120K), 5 survivors (5120K)
 Metaspace       used 93715K, committed 94656K, reserved 557056K
  class space    used 13113K, committed 13568K, reserved 425984K
}
Event: 29.035 GC heap before
{Heap before GC invocations=50 (full 0):
 garbage-first heap   total 226304K, used 182988K [0x0000000080000000, 0x0000000100000000)
  region size 1024K, 74 young (75776K), 5 survivors (5120K)
 Metaspace       used 96368K, committed 97344K, reserved 557056K
  class space    used 13466K, committed 13952K, reserved 425984K
}
Event: 29.045 GC heap after
{Heap after GC invocations=51 (full 0):
 garbage-first heap   total 226304K, used 118652K [0x0000000080000000, 0x0000000100000000)
  region size 1024K, 10 young (10240K), 10 survivors (10240K)
 Metaspace       used 96368K, committed 97344K, reserved 557056K
  class space    used 13466K, committed 13952K, reserved 425984K
}
Event: 30.684 GC heap before
{Heap before GC invocations=51 (full 0):
 garbage-first heap   total 226304K, used 184188K [0x0000000080000000, 0x0000000100000000)
  region size 1024K, 74 young (75776K), 10 survivors (10240K)
 Metaspace       used 99801K, committed 100928K, reserved 557056K
  class space    used 13929K, committed 14464K, reserved 425984K
}
Event: 30.705 GC heap after
{Heap after GC invocations=52 (full 0):
 garbage-first heap   total 226304K, used 129313K [0x0000000080000000, 0x0000000100000000)
  region size 1024K, 10 young (10240K), 10 survivors (10240K)
 Metaspace       used 99801K, committed 100928K, reserved 557056K
  class space    used 13929K, committed 14464K, reserved 425984K
}

