# JRE version: OpenJDK Runtime Environment Microsoft-9388408 (17.0.11+9) (build 17.0.11+9-LTS)
# Java VM: OpenJDK 64-Bit Server VM Microsoft-9388408 (17.0.11+9-LTS, mixed mode, sharing, tiered, compressed oops, compressed class ptrs, g1 gc, windows-amd64)
GC Precious Log:
 CPUs: 4 total, 4 available
 Memory: 7957M
 Large Page Support: Disabled
 NUMA Support: Disabled
 Compressed Oops: Enabled (32-bit)
 Heap Region Size: 1M
 Heap Min Capacity: 8M
 Heap Initial Capacity: 126M
 Heap Max Capacity: 2G
 Pre-touch: Disabled
 Parallel Workers: 4
 Concurrent Workers: 1
 Concurrent Refinement Workers: 4
 Periodic GC: Disabled
Heap:
 garbage-first heap   total 153600K, used 93994K [0x0000000080000000, 0x0000000100000000)
  region size 1024K, 1 young (1024K), 1 survivors (1024K)
 Metaspace       used 76699K, committed 77504K, reserved 557056K
  class space    used 10631K, committed 11008K, reserved 425984K
GC Heap History (20 events):
Event: 22.221 GC heap after
{Heap after GC invocations=29 (full 0):
 garbage-first heap   total 124928K, used 72871K [0x0000000080000000, 0x0000000100000000)
  region size 1024K, 3 young (3072K), 3 survivors (3072K)
 Metaspace       used 68726K, committed 69440K, reserved 491520K
  class space    used 9792K, committed 10112K, reserved 425984K
}
Event: 22.244 GC heap before
{Heap before GC invocations=29 (full 0):
 garbage-first heap   total 124928K, used 72871K [0x0000000080000000, 0x0000000100000000)
  region size 1024K, 4 young (4096K), 3 survivors (3072K)
 Metaspace       used 68816K, committed 69504K, reserved 491520K
  class space    used 9807K, committed 10112K, reserved 425984K
}
Event: 22.249 GC heap after
{Heap after GC invocations=30 (full 0):
 garbage-first heap   total 150528K, used 73083K [0x0000000080000000, 0x0000000100000000)
  region size 1024K, 1 young (1024K), 1 survivors (1024K)
 Metaspace       used 68816K, committed 69504K, reserved 491520K
  class space    used 9807K, committed 10112K, reserved 425984K
}
Event: 23.312 GC heap before
{Heap before GC invocations=31 (full 0):
 garbage-first heap   total 150528K, used 120187K [0x0000000080000000, 0x0000000100000000)
  region size 1024K, 47 young (48128K), 1 survivors (1024K)
 Metaspace       used 70475K, committed 71232K, reserved 491520K
  class space    used 9971K, committed 10304K, reserved 425984K
}
Event: 23.321 GC heap after
{Heap after GC invocations=32 (full 0):
 garbage-first heap   total 150528K, used 77918K [0x0000000080000000, 0x0000000100000000)
  region size 1024K, 6 young (6144K), 6 survivors (6144K)
 Metaspace       used 70475K, committed 71232K, reserved 491520K
  class space    used 9971K, committed 10304K, reserved 425984K
}
Event: 23.338 GC heap before
{Heap before GC invocations=32 (full 0):
 garbage-first heap   total 150528K, used 77918K [0x0000000080000000, 0x0000000100000000)
  region size 1024K, 7 young (7168K), 6 survivors (6144K)
 Metaspace       used 70478K, committed 71232K, reserved 491520K
  class space    used 9971K, committed 10304K, reserved 425984K
}
Event: 23.344 GC heap after
{Heap after GC invocations=33 (full 0):
 garbage-first heap   total 150528K, used 78620K [0x0000000080000000, 0x0000000100000000)
  region size 1024K, 1 young (1024K), 1 survivors (1024K)
 Metaspace       used 70478K, committed 71232K, reserved 491520K
  class space    used 9971K, committed 10304K, reserved 425984K
}
Event: 23.806 GC heap before
{Heap before GC invocations=33 (full 0):
 garbage-first heap   total 150528K, used 120604K [0x0000000080000000, 0x0000000100000000)
  region size 1024K, 43 young (44032K), 1 survivors (1024K)
 Metaspace       used 70570K, committed 71296K, reserved 491520K
  class space    used 9972K, committed 10304K, reserved 425984K
}
Event: 23.810 GC heap after
{Heap after GC invocations=34 (full 0):
 garbage-first heap   total 150528K, used 79588K [0x0000000080000000, 0x0000000100000000)
  region size 1024K, 2 young (2048K), 2 survivors (2048K)
 Metaspace       used 70570K, committed 71296K, reserved 491520K
  class space    used 9972K, committed 10304K, reserved 425984K
}
Event: 24.378 GC heap before
{Heap before GC invocations=35 (full 0):
 garbage-first heap   total 153600K, used 122596K [0x0000000080000000, 0x0000000100000000)
  region size 1024K, 45 young (46080K), 2 survivors (2048K)
 Metaspace       used 70573K, committed 71296K, reserved 491520K
  class space    used 9972K, committed 10304K, reserved 425984K
}
Event: 24.383 GC heap after
{Heap after GC invocations=36 (full 0):
 garbage-first heap   total 153600K, used 80757K [0x0000000080000000, 0x0000000100000000)
  region size 1024K, 3 young (3072K), 3 survivors (3072K)
 Metaspace       used 70573K, committed 71296K, reserved 491520K
  class space    used 9972K, committed 10304K, reserved 425984K
}
Event: 24.421 GC heap before
{Heap before GC invocations=36 (full 0):
 garbage-first heap   total 153600K, used 83829K [0x0000000080000000, 0x0000000100000000)
  region size 1024K, 7 young (7168K), 3 survivors (3072K)
 Metaspace       used 70573K, committed 71296K, reserved 491520K
  class space    used 9972K, committed 10304K, reserved 425984K
}
Event: 24.426 GC heap after
{Heap after GC invocations=37 (full 0):
 garbage-first heap   total 153600K, used 80645K [0x0000000080000000, 0x0000000100000000)
  region size 1024K, 1 young (1024K), 1 survivors (1024K)
 Metaspace       used 70573K, committed 71296K, reserved 491520K
  class space    used 9972K, committed 10304K, reserved 425984K
}
Event: 24.546 GC heap before
{Heap before GC invocations=37 (full 0):
 garbage-first heap   total 153600K, used 88837K [0x0000000080000000, 0x0000000100000000)
  region size 1024K, 10 young (10240K), 1 survivors (1024K)
 Metaspace       used 70601K, committed 71360K, reserved 491520K
  class space    used 9976K, committed 10368K, reserved 425984K
}
Event: 24.549 GC heap after
{Heap after GC invocations=38 (full 0):
 garbage-first heap   total 153600K, used 80873K [0x0000000080000000, 0x0000000100000000)
  region size 1024K, 1 young (1024K), 1 survivors (1024K)
 Metaspace       used 70601K, committed 71360K, reserved 491520K
  class space    used 9976K, committed 10368K, reserved 425984K
}
Event: 25.447 GC heap before
{Heap before GC invocations=39 (full 0):
 garbage-first heap   total 153600K, used 134121K [0x0000000080000000, 0x0000000100000000)
  region size 1024K, 47 young (48128K), 1 survivors (1024K)
 Metaspace       used 73285K, committed 74112K, reserved 491520K
  class space    used 10295K, committed 10688K, reserved 425984K
}
Event: 25.453 GC heap after
{Heap after GC invocations=40 (full 0):
 garbage-first heap   total 153600K, used 93735K [0x0000000080000000, 0x0000000100000000)
  region size 1024K, 6 young (6144K), 6 survivors (6144K)
 Metaspace       used 73285K, committed 74112K, reserved 491520K
  class space    used 10295K, committed 10688K, reserved 425984K
}
Event: 25.461 GC heap before
{Heap before GC invocations=40 (full 0):
 garbage-first heap   total 153600K, used 94759K [0x0000000080000000, 0x0000000100000000)
  region size 1024K, 7 young (7168K), 6 survivors (6144K)
 Metaspace       used 73420K, committed 74240K, reserved 491520K
  class space    used 10300K, committed 10688K, reserved 425984K
}
Event: 25.466 GC heap after
{Heap after GC invocations=41 (full 0):
 garbage-first heap   total 153600K, used 93288K [0x0000000080000000, 0x0000000100000000)
  region size 1024K, 1 young (1024K), 1 survivors (1024K)
 Metaspace       used 73420K, committed 74240K, reserved 491520K
  class space    used 10300K, committed 10688K, reserved 425984K
}
Event: 25.985 GC heap before
{Heap before GC invocations=41 (full 0):
 garbage-first heap   total 153600K, used 129128K [0x0000000080000000, 0x0000000100000000)
  region size 1024K, 37 young (37888K), 1 survivors (1024K)
 Metaspace       used 76699K, committed 77504K, reserved 557056K
  class space    used 10631K, committed 11008K, reserved 425984K
}

