# JRE version: OpenJDK Runtime Environment Microsoft-9388408 (17.0.11+9) (build 17.0.11+9-LTS)
# Java VM: OpenJDK 64-Bit Server VM Microsoft-9388408 (17.0.11+9-LTS, mixed mode, sharing, tiered, compressed oops, compressed class ptrs, g1 gc, windows-amd64)
GC Precious Log:
 CPUs: 4 total, 4 available
 Memory: 7957M
 Large Page Support: Disabled
 NUMA Support: Disabled
 Compressed Oops: Enabled (32-bit)
 Heap Region Size: 1M
 Heap Min Capacity: 8M
 Heap Initial Capacity: 126M
 Heap Max Capacity: 2G
 Pre-touch: Disabled
 Parallel Workers: 4
 Concurrent Workers: 1
 Concurrent Refinement Workers: 4
 Periodic GC: Disabled
Heap:
 garbage-first heap   total 89088K, used 58327K [0x0000000080000000, 0x0000000100000000)
  region size 1024K, 7 young (7168K), 4 survivors (4096K)
 Metaspace       used 56833K, committed 57472K, reserved 491520K
  class space    used 8075K, committed 8384K, reserved 425984K
GC Heap History (20 events):
Event: 7.268 GC heap before
{Heap before GC invocations=8 (full 0):
 garbage-first heap   total 89088K, used 68699K [0x0000000080000000, 0x0000000100000000)
  region size 1024K, 37 young (37888K), 4 survivors (4096K)
 Metaspace       used 35631K, committed 36032K, reserved 491520K
  class space    used 4965K, committed 5184K, reserved 425984K
}
Event: 7.275 GC heap after
{Heap after GC invocations=9 (full 0):
 garbage-first heap   total 89088K, used 31839K [0x0000000080000000, 0x0000000100000000)
  region size 1024K, 3 young (3072K), 3 survivors (3072K)
 Metaspace       used 35631K, committed 36032K, reserved 491520K
  class space    used 4965K, committed 5184K, reserved 425984K
}
Event: 7.287 GC heap before
{Heap before GC invocations=9 (full 0):
 garbage-first heap   total 89088K, used 31839K [0x0000000080000000, 0x0000000100000000)
  region size 1024K, 4 young (4096K), 3 survivors (3072K)
 Metaspace       used 35715K, committed 36096K, reserved 491520K
  class space    used 4980K, committed 5184K, reserved 425984K
}
Event: 7.292 GC heap after
{Heap after GC invocations=10 (full 0):
 garbage-first heap   total 89088K, used 32367K [0x0000000080000000, 0x0000000100000000)
  region size 1024K, 1 young (1024K), 1 survivors (1024K)
 Metaspace       used 35715K, committed 36096K, reserved 491520K
  class space    used 4980K, committed 5184K, reserved 425984K
}
Event: 7.916 GC heap before
{Heap before GC invocations=11 (full 0):
 garbage-first heap   total 89088K, used 66159K [0x0000000080000000, 0x0000000100000000)
  region size 1024K, 34 young (34816K), 1 survivors (1024K)
 Metaspace       used 37348K, committed 37760K, reserved 491520K
  class space    used 5233K, committed 5440K, reserved 425984K
}
Event: 7.920 GC heap after
{Heap after GC invocations=12 (full 0):
 garbage-first heap   total 89088K, used 33191K [0x0000000080000000, 0x0000000100000000)
  region size 1024K, 2 young (2048K), 2 survivors (2048K)
 Metaspace       used 37348K, committed 37760K, reserved 491520K
  class space    used 5233K, committed 5440K, reserved 425984K
}
Event: 9.788 GC heap before
{Heap before GC invocations=12 (full 0):
 garbage-first heap   total 89088K, used 66983K [0x0000000080000000, 0x0000000100000000)
  region size 1024K, 35 young (35840K), 2 survivors (2048K)
 Metaspace       used 40749K, committed 41216K, reserved 491520K
  class space    used 5781K, committed 6016K, reserved 425984K
}
Event: 9.798 GC heap after
{Heap after GC invocations=13 (full 0):
 garbage-first heap   total 89088K, used 34465K [0x0000000080000000, 0x0000000100000000)
  region size 1024K, 3 young (3072K), 3 survivors (3072K)
 Metaspace       used 40749K, committed 41216K, reserved 491520K
  class space    used 5781K, committed 6016K, reserved 425984K
}
Event: 11.108 GC heap before
{Heap before GC invocations=13 (full 0):
 garbage-first heap   total 89088K, used 70305K [0x0000000080000000, 0x0000000100000000)
  region size 1024K, 37 young (37888K), 3 survivors (3072K)
 Metaspace       used 44765K, committed 45312K, reserved 491520K
  class space    used 6262K, committed 6528K, reserved 425984K
}
Event: 11.121 GC heap after
{Heap after GC invocations=14 (full 0):
 garbage-first heap   total 89088K, used 35918K [0x0000000080000000, 0x0000000100000000)
  region size 1024K, 4 young (4096K), 4 survivors (4096K)
 Metaspace       used 44765K, committed 45312K, reserved 491520K
  class space    used 6262K, committed 6528K, reserved 425984K
}
Event: 12.265 GC heap before
{Heap before GC invocations=14 (full 0):
 garbage-first heap   total 89088K, used 70734K [0x0000000080000000, 0x0000000100000000)
  region size 1024K, 38 young (38912K), 4 survivors (4096K)
 Metaspace       used 48892K, committed 49408K, reserved 491520K
  class space    used 6859K, committed 7104K, reserved 425984K
}
Event: 12.281 GC heap after
{Heap after GC invocations=15 (full 0):
 garbage-first heap   total 89088K, used 38267K [0x0000000080000000, 0x0000000100000000)
  region size 1024K, 4 young (4096K), 4 survivors (4096K)
 Metaspace       used 48892K, committed 49408K, reserved 491520K
  class space    used 6859K, committed 7104K, reserved 425984K
}
Event: 14.586 GC heap before
{Heap before GC invocations=15 (full 0):
 garbage-first heap   total 89088K, used 71035K [0x0000000080000000, 0x0000000100000000)
  region size 1024K, 36 young (36864K), 4 survivors (4096K)
 Metaspace       used 51516K, committed 52032K, reserved 491520K
  class space    used 7254K, committed 7488K, reserved 425984K
}
Event: 14.603 GC heap after
{Heap after GC invocations=16 (full 0):
 garbage-first heap   total 89088K, used 40888K [0x0000000080000000, 0x0000000100000000)
  region size 1024K, 5 young (5120K), 5 survivors (5120K)
 Metaspace       used 51516K, committed 52032K, reserved 491520K
  class space    used 7254K, committed 7488K, reserved 425984K
}
Event: 16.038 GC heap before
{Heap before GC invocations=16 (full 0):
 garbage-first heap   total 89088K, used 70584K [0x0000000080000000, 0x0000000100000000)
  region size 1024K, 35 young (35840K), 5 survivors (5120K)
 Metaspace       used 53573K, committed 54208K, reserved 491520K
  class space    used 7560K, committed 7872K, reserved 425984K
}
Event: 16.055 GC heap after
{Heap after GC invocations=17 (full 0):
 garbage-first heap   total 89088K, used 41882K [0x0000000080000000, 0x0000000100000000)
  region size 1024K, 4 young (4096K), 4 survivors (4096K)
 Metaspace       used 53573K, committed 54208K, reserved 491520K
  class space    used 7560K, committed 7872K, reserved 425984K
}
Event: 16.533 GC heap before
{Heap before GC invocations=17 (full 0):
 garbage-first heap   total 89088K, used 54170K [0x0000000080000000, 0x0000000100000000)
  region size 1024K, 17 young (17408K), 4 survivors (4096K)
 Metaspace       used 54630K, committed 55296K, reserved 491520K
  class space    used 7748K, committed 8064K, reserved 425984K
}
Event: 16.547 GC heap after
{Heap after GC invocations=18 (full 0):
 garbage-first heap   total 89088K, used 42634K [0x0000000080000000, 0x0000000100000000)
  region size 1024K, 2 young (2048K), 2 survivors (2048K)
 Metaspace       used 54630K, committed 55296K, reserved 491520K
  class space    used 7748K, committed 8064K, reserved 425984K
}
Event: 17.382 GC heap before
{Heap before GC invocations=19 (full 0):
 garbage-first heap   total 89088K, used 66186K [0x0000000080000000, 0x0000000100000000)
  region size 1024K, 23 young (23552K), 2 survivors (2048K)
 Metaspace       used 56693K, committed 57344K, reserved 491520K
  class space    used 8061K, committed 8384K, reserved 425984K
}
Event: 17.392 GC heap after
{Heap after GC invocations=20 (full 0):
 garbage-first heap   total 89088K, used 48087K [0x0000000080000000, 0x0000000100000000)
  region size 1024K, 4 young (4096K), 4 survivors (4096K)
 Metaspace       used 56693K, committed 57344K, reserved 491520K
  class space    used 8061K, committed 8384K, reserved 425984K
}

